<?xml version="1.0" encoding="utf-8"?><testsuites name="pytest tests"><testsuite name="pytest" errors="2" failures="0" skipped="0" tests="2" time="0.275" timestamp="2026-04-11T16:31:52.957661-07:00" hostname="device-0101001.local"><testcase classname="" name="tests.test_inference_gateway" time="0.000"><error message="collection failure">ImportError while importing test module '/Users/rchennault/Library/Mobile Documents/com~apple~CloudDocs/GitHub/ai_colab/tests/test_inference_gateway.py'.
Hint: make sure your test modules/packages have valid Python names.
Traceback:
../../../../../miniconda3/lib/python3.11/importlib/__init__.py:126: in import_module
    return _bootstrap._gcd_import(name[level:], package, level)
           ^^^^^^^^^^^^^^^^^^^^^^^^^^^^^^^^^^^^^^^^^^^^^^^^^^^^
tests/test_inference_gateway.py:14: in &lt;module&gt;
    from inference.gateway import (
E   ModuleNotFoundError: No module named 'inference'</error></testcase><testcase classname="" name="tests.mcp_rag.test_integration" time="0.000"><error message="collection failure">import file mismatch:
imported module 'test_integration' has this __file__ attribute:
  /Users/rchennault/Library/Mobile Documents/com~apple~CloudDocs/GitHub/ai_colab/tests/test_integration.py
which is not the same as the test file we want to collect:
  /Users/rchennault/Library/Mobile Documents/com~apple~CloudDocs/GitHub/ai_colab/tests/mcp_rag/test_integration.py
HINT: remove __pycache__ / .pyc files and/or use a unique basename for your test file modules</error></testcase></testsuite></testsuites>