<?xml version="1.0" encoding="utf-8"?><testsuites name="pytest tests"><testsuite name="pytest" errors="0" failures="3" skipped="17" tests="48" time="5.400" timestamp="2026-04-11T21:27:08.431842-07:00" hostname="device-0101001.local"><testcase classname="tests.test_inference_gateway.TestRequestValidator" name="test_valid_request" time="0.000"><skipped type="pytest.skip" message="Inference gateway API not implemented or tests need API update">/Users/rchennault/Library/Mobile Documents/com~apple~CloudDocs/GitHub/ai_colab/tests/test_inference_gateway.py:51: Inference gateway API not implemented or tests need API update</skipped></testcase><testcase classname="tests.test_inference_gateway.TestRequestValidator" name="test_empty_prompt_fails" time="0.000"><skipped type="pytest.skip" message="Inference gateway API not implemented or tests need API update">/Users/rchennault/Library/Mobile Documents/com~apple~CloudDocs/GitHub/ai_colab/tests/test_inference_gateway.py:66: Inference gateway API not implemented or tests need API update</skipped></testcase><testcase classname="tests.test_inference_gateway.TestRequestValidator" name="test_long_prompt_fails" time="0.000"><skipped type="pytest.skip" message="Inference gateway API not implemented or tests need API update">/Users/rchennault/Library/Mobile Documents/com~apple~CloudDocs/GitHub/ai_colab/tests/test_inference_gateway.py:76: Inference gateway API not implemented or tests need API update</skipped></testcase><testcase classname="tests.test_inference_gateway.TestRequestValidator" name="test_temperature_clamped" time="0.000"><skipped type="pytest.skip" message="Inference gateway API not implemented or tests need API update">/Users/rchennault/Library/Mobile Documents/com~apple~CloudDocs/GitHub/ai_colab/tests/test_inference_gateway.py:86: Inference gateway API not implemented or tests need API update</skipped></testcase><testcase classname="tests.test_inference_gateway.TestModelRouter" name="test_task_based_routing_code" time="0.000"><skipped type="pytest.skip" message="Inference gateway API not implemented or tests need API update">/Users/rchennault/Library/Mobile Documents/com~apple~CloudDocs/GitHub/ai_colab/tests/test_inference_gateway.py:108: Inference gateway API not implemented or tests need API update</skipped></testcase><testcase classname="tests.test_inference_gateway.TestModelRouter" name="test_task_based_routing_chat" time="0.000"><skipped type="pytest.skip" message="Inference gateway API not implemented or tests need API update">/Users/rchennault/Library/Mobile Documents/com~apple~CloudDocs/GitHub/ai_colab/tests/test_inference_gateway.py:127: Inference gateway API not implemented or tests need API update</skipped></testcase><testcase classname="tests.test_inference_gateway.TestModelRouter" name="test_hint_based_routing_fast" time="0.000"><skipped type="pytest.skip" message="Inference gateway API not implemented or tests need API update">/Users/rchennault/Library/Mobile Documents/com~apple~CloudDocs/GitHub/ai_colab/tests/test_inference_gateway.py:145: Inference gateway API not implemented or tests need API update</skipped></testcase><testcase classname="tests.test_inference_gateway.TestCacheManager" name="test_cache_miss" time="0.000"><skipped type="pytest.skip" message="Inference gateway API not implemented or tests need API update">/Users/rchennault/Library/Mobile Documents/com~apple~CloudDocs/GitHub/ai_colab/tests/test_inference_gateway.py:173: Inference gateway API not implemented or tests need API update</skipped></testcase><testcase classname="tests.test_inference_gateway.TestCacheManager" name="test_cache_hit" time="0.000"><skipped type="pytest.skip" message="Inference gateway API not implemented or tests need API update">/Users/rchennault/Library/Mobile Documents/com~apple~CloudDocs/GitHub/ai_colab/tests/test_inference_gateway.py:181: Inference gateway API not implemented or tests need API update</skipped></testcase><testcase classname="tests.test_inference_gateway.TestCacheManager" name="test_cache_hit_rate" time="0.000"><skipped type="pytest.skip" message="Inference gateway API not implemented or tests need API update">/Users/rchennault/Library/Mobile Documents/com~apple~CloudDocs/GitHub/ai_colab/tests/test_inference_gateway.py:202: Inference gateway API not implemented or tests need API update</skipped></testcase><testcase classname="tests.test_inference_gateway.TestRateLimiter" name="test_rate_limit_allowed" time="0.000"><skipped type="pytest.skip" message="Inference gateway API not implemented or tests need API update">/Users/rchennault/Library/Mobile Documents/com~apple~CloudDocs/GitHub/ai_colab/tests/test_inference_gateway.py:232: Inference gateway API not implemented or tests need API update</skipped></testcase><testcase classname="tests.test_inference_gateway.TestRateLimiter" name="test_rate_limit_exceeded" time="0.000"><skipped type="pytest.skip" message="Inference gateway API not implemented or tests need API update">/Users/rchennault/Library/Mobile Documents/com~apple~CloudDocs/GitHub/ai_colab/tests/test_inference_gateway.py:251: Inference gateway API not implemented or tests need API update</skipped></testcase><testcase classname="tests.test_inference_gateway.TestAnalyticsEngine" name="test_record_request" time="0.000"><skipped type="pytest.skip" message="Inference gateway API not implemented or tests need API update">/Users/rchennault/Library/Mobile Documents/com~apple~CloudDocs/GitHub/ai_colab/tests/test_inference_gateway.py:276: Inference gateway API not implemented or tests need API update</skipped></testcase><testcase classname="tests.test_inference_gateway.TestAnalyticsEngine" name="test_latency_percentiles" time="0.000"><skipped type="pytest.skip" message="Inference gateway API not implemented or tests need API update">/Users/rchennault/Library/Mobile Documents/com~apple~CloudDocs/GitHub/ai_colab/tests/test_inference_gateway.py:299: Inference gateway API not implemented or tests need API update</skipped></testcase><testcase classname="tests.test_inference_gateway.TestInferenceGateway" name="test_gateway_initialization" time="0.000"><skipped type="pytest.skip" message="Inference gateway API not implemented or tests need API update">/Users/rchennault/Library/Mobile Documents/com~apple~CloudDocs/GitHub/ai_colab/tests/test_inference_gateway.py:327: Inference gateway API not implemented or tests need API update</skipped></testcase><testcase classname="tests.test_inference_gateway.TestInferenceGateway" name="test_get_metrics_empty" time="0.000"><skipped type="pytest.skip" message="Inference gateway API not implemented or tests need API update">/Users/rchennault/Library/Mobile Documents/com~apple~CloudDocs/GitHub/ai_colab/tests/test_inference_gateway.py:338: Inference gateway API not implemented or tests need API update</skipped></testcase><testcase classname="tests.test_inference_gateway.TestInferenceGateway" name="test_get_model_status" time="0.000"><skipped type="pytest.skip" message="Inference gateway API not implemented or tests need API update">/Users/rchennault/Library/Mobile Documents/com~apple~CloudDocs/GitHub/ai_colab/tests/test_inference_gateway.py:347: Inference gateway API not implemented or tests need API update</skipped></testcase><testcase classname="tests.test_integration.TestInferenceGateway" name="test_01_gateway_initialization" time="0.035" /><testcase classname="tests.test_integration.TestInferenceGateway" name="test_02_request_validation" time="0.001" /><testcase classname="tests.test_integration.TestInferenceGateway" name="test_03_model_routing" time="0.000" /><testcase classname="tests.test_integration.TestInferenceGateway" name="test_04_cache_operations" time="0.001"><failure message="TypeError: 'coroutine' object is not subscriptable">tests/test_integration.py:155: in test_04_cache_operations
    self.assertEqual(result['value'], 'test')
                     ^^^^^^^^^^^^^^^
E   TypeError: 'coroutine' object is not subscriptable</failure></testcase><testcase classname="tests.test_integration.TestInferenceGateway" name="test_05_rate_limiting" time="0.004" /><testcase classname="tests.test_integration.TestModelRegistry" name="test_01_registry_initialization" time="0.009" /><testcase classname="tests.test_integration.TestModelRegistry" name="test_02_model_registration" time="0.002" /><testcase classname="tests.test_integration.TestModelRegistry" name="test_03_version_management" time="0.002" /><testcase classname="tests.test_integration.TestModelRegistry" name="test_04_deployment" time="0.000"><failure message="NameError: name 'ModelStatus' is not defined">tests/test_integration.py:265: in test_04_deployment
    status=ModelStatus.STAGING
           ^^^^^^^^^^^
E   NameError: name 'ModelStatus' is not defined</failure></testcase><testcase classname="tests.test_integration.TestModelRegistry" name="test_05_ab_testing" time="0.004" /><testcase classname="tests.test_integration.TestAgentFederation" name="test_01_federation_initialization" time="0.007" /><testcase classname="tests.test_integration.TestAgentFederation" name="test_02_agent_registration" time="0.000" /><testcase classname="tests.test_integration.TestAgentFederation" name="test_03_team_formation" time="0.000" /><testcase classname="tests.test_integration.TestAgentFederation" name="test_04_task_handoff" time="0.000"><failure message="TypeError: Agent.__init__() missing 1 required positional argument: 'role'">tests/test_integration.py:392: in test_04_task_handoff
    agent1 = Agent(agent_id=f'agent1_{self.test_id}', name='Agent 1')
             ^^^^^^^^^^^^^^^^^^^^^^^^^^^^^^^^^^^^^^^^^^^^^^^^^^^^^^^^
E   TypeError: Agent.__init__() missing 1 required positional argument: 'role'</failure></testcase><testcase classname="tests.test_integration.TestAgentFederation" name="test_05_knowledge_sharing" time="0.000" /><testcase classname="tests.test_integration.TestAgentFederation" name="test_06_lesson_learned" time="0.001" /><testcase classname="tests.test_integration.TestVisionSupport" name="test_01_vision_initialization" time="0.002" /><testcase classname="tests.test_integration.TestVisionSupport" name="test_02_image_storage" time="0.001" /><testcase classname="tests.test_integration.TestVisionSupport" name="test_03_base64_encoding" time="0.001" /><testcase classname="tests.test_integration.TestCoreUtils" name="test_01_cache_operations" time="0.093" /><testcase classname="tests.test_integration.TestCoreUtils" name="test_02_error_handling" time="0.000" /><testcase classname="tests.test_integration.TestCoreUtils" name="test_03_file_utilities" time="0.002" /><testcase classname="tests.test_workspace_manager.TestWorkspaceManager" name="test_duplicate_registration" time="0.003" /><testcase classname="tests.test_workspace_manager.TestWorkspaceManager" name="test_find_git_repos" time="0.003" /><testcase classname="tests.test_workspace_manager.TestWorkspaceManager" name="test_register_and_list" time="0.002" /><testcase classname="tests.mcp_rag.test_mcp_rag_integration" name="test_mcp_server_startup" time="0.003" /><testcase classname="tests.mcp_rag.test_mcp_rag_integration" name="test_rag_indexing" time="2.269" /><testcase classname="tests.mcp_rag.test_mcp_rag_integration" name="test_rag_search" time="2.706" /><testcase classname="tests.mcp_rag.test_mcp_rag_integration" name="test_web_ui_endpoints" time="0.061" /><testcase classname="tests.mcp_rag.test_mcp_rag_integration" name="test_mcp_tools_available" time="0.002" /><testcase classname="tests.mcp_rag.test_mcp_rag_integration" name="test_file_watcher" time="0.016" /></testsuite></testsuites>